Downloading: "https://download.pytorch.org/models/efficientnet_b0_rwightman-7f5810bc.pth" to /home/researcher/.cache/torch/hub/checkpoints/efficientnet_b0_rwightman-7f5810bc.pth
Device: cuda
Crop directory: /workspace/autoresearch/Dataset-Crops

Dataset sizes: train=12360, val=2786
  0%|          | 0.00/20.5M [00:00<?, ?B/s] 61%|██████    | 12.5M/20.5M [00:00<00:00, 131MB/s]100%|██████████| 20.5M/20.5M [00:00<00:00, 188MB/s]
Model: EfficientNet-B0, 4.0M params

Computing class weights...
  Class counts: {'B1': 1540, 'B2': 2844, 'B3': 5633, 'B4': 2343}
  Class weights: ['2.006', '1.086', '0.549', '1.319']

Training for up to 50 epochs (20 min budget)...
Epoch   1/50 | train_acc=53.3% | val_acc=51.8% | B1=96.3% B2=56.7% B3=29.3% B4=75.5% | lr=9.99e-04 | 0s elapsed
  *** Saved best model (val_acc=51.76%) ***
Epoch   2/50 | train_acc=59.0% | val_acc=51.1% | B1=78.7% B2=71.7% B3=20.2% B4=86.6% | lr=9.96e-04 | 25s elapsed
Epoch   3/50 | train_acc=60.0% | val_acc=57.3% | B1=96.7% B2=54.7% B3=48.6% B4=59.4% | lr=9.91e-04 | 47s elapsed
  *** Saved best model (val_acc=57.29%) ***
Epoch   4/50 | train_acc=61.3% | val_acc=58.7% | B1=91.7% B2=56.4% B3=49.3% B4=65.5% | lr=9.84e-04 | 69s elapsed
  *** Saved best model (val_acc=58.65%) ***
Epoch   5/50 | train_acc=64.2% | val_acc=54.7% | B1=97.0% B2=61.6% B3=37.2% B4=65.5% | lr=9.76e-04 | 92s elapsed
Epoch   6/50 | train_acc=64.9% | val_acc=58.1% | B1=95.0% B2=47.5% B3=47.4% B4=75.1% | lr=9.65e-04 | 114s elapsed
Epoch   7/50 | train_acc=66.3% | val_acc=59.7% | B1=95.0% B2=56.2% B3=54.2% B4=57.4% | lr=9.53e-04 | 137s elapsed
  *** Saved best model (val_acc=59.69%) ***
Epoch   8/50 | train_acc=68.4% | val_acc=61.5% | B1=89.7% B2=50.0% B3=60.7% B4=60.5% | lr=9.39e-04 | 160s elapsed
  *** Saved best model (val_acc=61.45%) ***
Epoch   9/50 | train_acc=70.1% | val_acc=59.4% | B1=82.1% B2=56.5% B3=51.2% B4=69.7% | lr=9.23e-04 | 183s elapsed
Epoch  10/50 | train_acc=72.1% | val_acc=58.7% | B1=90.4% B2=57.2% B3=50.1% B4=63.4% | lr=9.05e-04 | 206s elapsed
Epoch  11/50 | train_acc=74.4% | val_acc=58.1% | B1=83.1% B2=59.6% B3=48.2% B4=66.2% | lr=8.86e-04 | 229s elapsed
Epoch  12/50 | train_acc=76.3% | val_acc=58.7% | B1=88.7% B2=49.2% B3=47.9% B4=78.3% | lr=8.66e-04 | 251s elapsed
Epoch  13/50 | train_acc=78.6% | val_acc=58.3% | B1=92.4% B2=52.9% B3=50.7% B4=63.7% | lr=8.44e-04 | 274s elapsed
Epoch  14/50 | train_acc=80.0% | val_acc=57.1% | B1=87.0% B2=62.1% B3=48.1% B4=57.0% | lr=8.21e-04 | 296s elapsed
Epoch  15/50 | train_acc=83.0% | val_acc=59.0% | B1=89.0% B2=48.4% B3=55.3% B4=63.0% | lr=7.96e-04 | 319s elapsed
Epoch  16/50 | train_acc=83.8% | val_acc=60.4% | B1=90.0% B2=52.8% B3=62.1% B4=48.9% | lr=7.70e-04 | 341s elapsed
Epoch  17/50 | train_acc=85.7% | val_acc=58.2% | B1=92.4% B2=57.8% B3=50.7% B4=57.8% | lr=7.43e-04 | 364s elapsed
Epoch  18/50 | train_acc=88.7% | val_acc=60.6% | B1=89.7% B2=42.0% B3=63.8% B4=57.6% | lr=7.16e-04 | 387s elapsed
Epoch  19/50 | train_acc=89.7% | val_acc=59.9% | B1=72.8% B2=68.0% B3=56.5% B4=52.2% | lr=6.87e-04 | 410s elapsed
Epoch  20/50 | train_acc=91.1% | val_acc=59.8% | B1=89.7% B2=46.7% B3=61.6% B4=53.4% | lr=6.58e-04 | 433s elapsed
Epoch  21/50 | train_acc=91.8% | val_acc=61.2% | B1=84.7% B2=52.8% B3=62.6% B4=54.5% | lr=6.28e-04 | 456s elapsed
Epoch  22/50 | train_acc=92.2% | val_acc=61.2% | B1=87.4% B2=49.0% B3=65.1% B4=51.3% | lr=5.98e-04 | 480s elapsed
Epoch  23/50 | train_acc=93.2% | val_acc=60.4% | B1=85.4% B2=47.2% B3=62.5% B4=56.3% | lr=5.67e-04 | 502s elapsed
Epoch  24/50 | train_acc=94.3% | val_acc=60.5% | B1=77.4% B2=52.1% B3=62.5% B4=55.6% | lr=5.36e-04 | 525s elapsed
Epoch  25/50 | train_acc=94.9% | val_acc=59.0% | B1=82.4% B2=51.6% B3=56.5% B4=60.6% | lr=5.05e-04 | 548s elapsed
Epoch  26/50 | train_acc=95.3% | val_acc=60.7% | B1=79.7% B2=50.3% B3=64.3% B4=53.1% | lr=4.74e-04 | 571s elapsed
Epoch  27/50 | train_acc=96.3% | val_acc=60.4% | B1=86.0% B2=48.9% B3=60.3% B4=59.4% | lr=4.43e-04 | 593s elapsed
Epoch  28/50 | train_acc=97.1% | val_acc=61.0% | B1=88.4% B2=49.5% B3=65.8% B4=47.5% | lr=4.12e-04 | 616s elapsed
Epoch  29/50 | train_acc=96.5% | val_acc=61.7% | B1=89.7% B2=46.7% B3=68.3% B4=47.5% | lr=3.82e-04 | 638s elapsed
  *** Saved best model (val_acc=61.74%) ***
Epoch  30/50 | train_acc=97.0% | val_acc=60.7% | B1=82.1% B2=51.3% B3=63.9% B4=51.8% | lr=3.52e-04 | 661s elapsed
Epoch  31/50 | train_acc=98.0% | val_acc=61.0% | B1=88.7% B2=41.2% B3=65.5% B4=57.0% | lr=3.23e-04 | 684s elapsed
Epoch  32/50 | train_acc=98.2% | val_acc=62.1% | B1=91.0% B2=45.1% B3=64.1% B4=60.6% | lr=2.94e-04 | 707s elapsed
  *** Saved best model (val_acc=62.13%) ***
Epoch  33/50 | train_acc=98.2% | val_acc=61.1% | B1=83.7% B2=55.7% B3=62.4% B4=51.8% | lr=2.67e-04 | 730s elapsed
Epoch  34/50 | train_acc=97.9% | val_acc=62.2% | B1=83.7% B2=48.7% B3=66.4% B4=55.2% | lr=2.40e-04 | 753s elapsed
  *** Saved best model (val_acc=62.17%) ***
Epoch  35/50 | train_acc=98.1% | val_acc=62.7% | B1=86.4% B2=46.6% B3=70.2% B4=50.0% | lr=2.14e-04 | 775s elapsed
  *** Saved best model (val_acc=62.74%) ***
Epoch  36/50 | train_acc=98.7% | val_acc=62.2% | B1=88.4% B2=50.0% B3=65.7% B4=53.2% | lr=1.89e-04 | 798s elapsed
Epoch  37/50 | train_acc=98.7% | val_acc=62.1% | B1=85.4% B2=47.4% B3=68.1% B4=51.3% | lr=1.66e-04 | 821s elapsed
Epoch  38/50 | train_acc=98.8% | val_acc=61.5% | B1=87.0% B2=47.5% B3=63.9% B4=57.4% | lr=1.44e-04 | 843s elapsed
Epoch  39/50 | train_acc=99.1% | val_acc=61.6% | B1=87.0% B2=49.2% B3=65.0% B4=53.4% | lr=1.24e-04 | 866s elapsed
Epoch  40/50 | train_acc=99.1% | val_acc=61.3% | B1=87.4% B2=48.5% B3=65.4% B4=51.8% | lr=1.05e-04 | 889s elapsed
Epoch  41/50 | train_acc=99.1% | val_acc=62.1% | B1=87.4% B2=49.8% B3=66.3% B4=52.0% | lr=8.71e-05 | 911s elapsed
Epoch  42/50 | train_acc=99.3% | val_acc=62.0% | B1=86.7% B2=46.2% B3=67.7% B4=52.3% | lr=7.12e-05 | 934s elapsed
Epoch  43/50 | train_acc=99.3% | val_acc=62.0% | B1=85.0% B2=46.2% B3=69.9% B4=48.0% | lr=5.71e-05 | 956s elapsed
Epoch  44/50 | train_acc=99.2% | val_acc=62.2% | B1=86.7% B2=48.2% B3=66.6% B4=54.2% | lr=4.48e-05 | 979s elapsed
Epoch  45/50 | train_acc=99.3% | val_acc=62.1% | B1=85.4% B2=49.3% B3=67.0% B4=52.0% | lr=3.42e-05 | 1002s elapsed
Epoch  46/50 | train_acc=99.3% | val_acc=61.7% | B1=84.4% B2=52.8% B3=65.5% B4=50.4% | lr=2.56e-05 | 1024s elapsed
Epoch  47/50 | train_acc=99.5% | val_acc=62.1% | B1=83.7% B2=50.8% B3=67.7% B4=49.6% | lr=1.88e-05 | 1047s elapsed
Epoch  48/50 | train_acc=99.4% | val_acc=62.1% | B1=85.4% B2=49.8% B3=65.7% B4=54.5% | lr=1.39e-05 | 1069s elapsed
Epoch  49/50 | train_acc=99.5% | val_acc=61.8% | B1=82.7% B2=48.0% B3=67.5% B4=52.3% | lr=1.10e-05 | 1092s elapsed
Epoch  50/50 | train_acc=99.4% | val_acc=61.8% | B1=85.7% B2=46.4% B3=67.5% B4=52.2% | lr=1.00e-05 | 1115s elapsed

Best val_acc: 62.74% at epoch 35
Classifier saved to /workspace/autoresearch/stage2_classifier.pth

Best per-class accuracy:
  B1: 86.4%
  B2: 46.6%
  B3: 70.2%
  B4: 50.0%
