Loading models...

Running two-stage evaluation...
  Running pipeline on 604 val images...
    100/604...
    200/604...
    300/604...
    400/604...
    500/604...
    600/604...

Two-stage pipeline results:
  GT counts: B1=301, B2=612, B3=1319, B4=554
  AP50 per class:
    B1: 0.6173
    B2: 0.2195
    B3: 0.4403
    B4: 0.1578
  mAP50: 0.358712
  mAP50-95 (approx): 0.168595

==================================================
FINAL RESULTS:
  val_map50:    0.358712
  val_map50_95 (approx): 0.168595
  Current best baseline: 0.260003
  Delta: -0.091408
==================================================
